2021-07-06 15:22:41.621 - INFO - 23411 - azureml.train.automl._experiment_drivers.driver_utilities.modify_run_configuration:199 - Package azureml-train-automl missing from dependencies file.
2021-07-06 15:22:41.624 - INFO - 23411 - azureml.train.automl._experiment_drivers.driver_utilities.modify_run_configuration:205 - Using pinned version: azureml-train-automl==1.30.0.*
2021-07-06 15:22:41.638 - INFO - 23411 - azureml.train.automl._experiment_drivers.driver_utilities.modify_run_configuration:199 - Package pandas missing from dependencies file.
2021-07-06 15:22:41.638 - INFO - 23411 - azureml.train.automl._experiment_drivers.driver_utilities.modify_run_configuration:205 - Using pinned version: pandas==0.25.1
2021-07-06 15:22:41.638 - INFO - 23411 - azureml.train.automl._experiment_drivers.driver_utilities.modify_run_configuration:199 - Package psutil missing from dependencies file.
2021-07-06 15:22:41.639 - INFO - 23411 - azureml.train.automl._experiment_drivers.driver_utilities.modify_run_configuration:205 - Using pinned version: psutil>5.0.0,<6.0.0
2021-07-06 15:22:41.639 - INFO - 23411 - azureml.train.automl._experiment_drivers.driver_utilities.modify_run_configuration:199 - Package scikit-learn missing from dependencies file.
2021-07-06 15:22:41.639 - INFO - 23411 - azureml.train.automl._experiment_drivers.driver_utilities.modify_run_configuration:205 - Using pinned version: scikit-learn==0.22.1
2021-07-06 15:22:41.639 - INFO - 23411 - azureml.train.automl._experiment_drivers.driver_utilities.modify_run_configuration:199 - Package numpy missing from dependencies file.
2021-07-06 15:22:41.640 - INFO - 23411 - azureml.train.automl._experiment_drivers.driver_utilities.modify_run_configuration:205 - Using pinned version: numpy~=1.18.0
2021-07-06 15:22:41.640 - INFO - 23411 - azureml.train.automl._experiment_drivers.driver_utilities.modify_run_configuration:199 - Package py-xgboost missing from dependencies file.
2021-07-06 15:22:41.640 - INFO - 23411 - azureml.train.automl._experiment_drivers.driver_utilities.modify_run_configuration:205 - Using pinned version: py-xgboost<=0.90
2021-07-06 15:22:41.641 - INFO - 23411 - azureml.train.automl._experiment_drivers.driver_utilities.modify_run_configuration:199 - Package inference-schema missing from dependencies file.
2021-07-06 15:22:41.641 - INFO - 23411 - azureml.train.automl._experiment_drivers.driver_utilities.modify_run_configuration:199 - Package fbprophet missing from dependencies file.
2021-07-06 15:22:41.641 - INFO - 23411 - azureml.train.automl._experiment_drivers.driver_utilities.modify_run_configuration:205 - Using pinned version: fbprophet==0.5
2021-07-06 15:22:41.644 - INFO - 23411 - azureml.train.automl._experiment_drivers.driver_utilities.modify_run_configuration:199 - Package setuptools-git missing from dependencies file.
2021-07-06 15:22:41.646 - INFO - 23411 - azureml.train.automl._experiment_drivers.driver_utilities.modify_run_configuration:209 - Using installed version: setuptools-git==1.2
2021-07-06 15:22:41.646 - INFO - 23411 - azureml.train.automl._experiment_drivers.driver_utilities.modify_run_configuration:199 - Package pytorch missing from dependencies file.
2021-07-06 15:22:41.646 - INFO - 23411 - azureml.train.automl._experiment_drivers.driver_utilities.modify_run_configuration:205 - Using pinned version: pytorch=1.4.0
2021-07-06 15:22:41.654 - INFO - 23411 - azureml.train.automl._experiment_drivers.driver_utilities.modify_run_configuration:199 - Package cudatoolkit missing from dependencies file.
2021-07-06 15:22:41.654 - INFO - 23411 - azureml.train.automl._experiment_drivers.driver_utilities.modify_run_configuration:205 - Using pinned version: cudatoolkit=10.1.243
2021-07-06 15:22:41.655 - INFO - 23411 - azureml.train.automl._experiment_drivers.driver_utilities.modify_run_configuration:199 - Package pytorch-transformers missing from dependencies file.
2021-07-06 15:22:41.655 - INFO - 23411 - azureml.train.automl._experiment_drivers.driver_utilities.modify_run_configuration:205 - Using pinned version: pytorch-transformers==1.0.0
2021-07-06 15:22:41.655 - INFO - 23411 - azureml.train.automl._experiment_drivers.driver_utilities.modify_run_configuration:199 - Package spacy missing from dependencies file.
2021-07-06 15:22:41.656 - INFO - 23411 - azureml.train.automl._experiment_drivers.driver_utilities.modify_run_configuration:205 - Using pinned version: spacy==2.1.8
2021-07-06 15:22:41.656 - INFO - 23411 - azureml.train.automl._experiment_drivers.driver_utilities.modify_run_configuration:199 - Package https://aka.ms/automl-resources/packages/en_core_web_sm-2.1.0.tar.gz missing from dependencies file.
2021-07-06 15:22:41.659 - INFO - 23411 - azureml.automl.core.dataset_utilities._save_datasets_to_json:131 - JSON serialization of input of type <class 'NoneType'> is un-supported.
2021-07-06 15:22:41.660 - INFO - 23411 - azureml.train.automl._experiment_drivers.driver_utilities.validate_input:124 - Start data validation.
2021-07-06 15:22:46.721 - INFO - 23411 - azureml.train.automl._experiment_drivers.driver_utilities.validate_input:137 - Validation service found the data has no errors.
2021-07-06 15:22:46.723 - INFO - 23411 - azureml.train.automl._experiment_drivers.driver_utilities.create_remote_parent_run:381 - Start creating parent run.
2021-07-06 15:22:47.030 - INFO - 23411 - azureml.train.automl._experiment_drivers.driver_utilities.create_remote_parent_run:401 - [ParentRunID:AutoML_6c171014-a578-4b31-8214-867964def5c9] Remote run using input X and y.
2021-07-06 15:22:47.414 - INFO - 23411 - azureml.train.automl._experiment_drivers.driver_utilities.start_remote_run:336 - Starting a snapshot run (snapshot_id : None)
